Exporter version: 2.93.5, Blender version: 3.1.2
========= Conversion from Blender to Babylon.js =========
	Scene settings used :
		Inline textures     :  false
		Material Type       :  PBR
		Positions Precision :  4
		Normals Precision   :  3
		UVs Precision       :  3
		Vert Color Precision:  3
		Mat Weight Precision:  2
		Keep Z-up r-handed  :  no
		Texture directory   :  E:\Cour\GamesOnWeb2023\public\models\
	Python World class constructor completed
	processing begun of camera (UniversalCamera):  Camera
	processing begun of mesh:  Landscape
		processing begun of material:  Material
			processing texture desertCanyonTexture
				texture type:  diffuseTexture, mapped using: "UVMap"
		num positions      :  6557
		num normals        :  6557
		num tangents       :  0
		num uvs            :  13114
		num uvs2           :  0
		num colors         :  0
		num triangles      :  13107
	processing begun of light (POINT):  Light
========= Writing of JSON file started =========
	writing mesh:  Landscape
========= Writing of JSON file completed =========
========= end of processing =========
elapsed time:  0 min, 0.9254 secs
