Exporter version: 2.93.5, Blender version: 3.1.2
========= Conversion from Blender to Babylon.js =========
	Scene settings used :
		Inline textures     :  false
		Material Type       :  PBR
		Positions Precision :  4
		Normals Precision   :  3
		UVs Precision       :  3
		Vert Color Precision:  3
		Mat Weight Precision:  2
		Keep Z-up r-handed  :  no
		Texture directory   :  E:\Cour\GamesOnWeb2023\public\models\
	Python World class constructor completed
	WARNING: No active camera has been assigned, or is not in a currently enabled collection
	processing begun of mesh:  Desert
		processing begun of material:  Landscape_pbr_disp
			processing texture Desert_basecolor
				texture type:  diffuseTexture, mapped using: "UVMap"
			processing texture Desert_roughness
				texture type:  value not meaningful 2, mapped using: "UVMap"
		num positions      :  5265
		num normals        :  5265
		num tangents       :  0
		num uvs            :  10530
		num uvs2           :  0
		num colors         :  0
		num triangles      :  10484
========= Writing of JSON file started =========
	writing mesh:  Desert
========= Writing of JSON file completed =========
========= end of processing =========
elapsed time:  0 min, 2.7901 secs
