Exporter version: 2.93.5, Blender version: 3.1.2
========= Conversion from Blender to Babylon.js =========
	Scene settings used :
		Inline textures     :  false
		Material Type       :  PBR
		Positions Precision :  4
		Normals Precision   :  3
		UVs Precision       :  3
		Vert Color Precision:  3
		Mat Weight Precision:  2
		Keep Z-up r-handed  :  no
		Texture directory   :  E:\Cour\GamesOnWeb2023\public\models\
	Python World class constructor completed
	WARNING: No active camera has been assigned, or is not in a currently enabled collection
	processing begun of mesh:  Sable
		processing begun of material:  Material.005
			processing texture SandNormal
				texture type:  bumpTexture, mapped using: "UVMap"
			processing texture SandTexture
				texture type:  diffuseTexture, mapped using: "UVMap"
			processing texture SandRoughness
				texture type:  value not meaningful 2, mapped using: "UVMap"
		num positions      :  3645
		num normals        :  3645
		num tangents       :  0
		num uvs            :  7290
		num uvs2           :  0
		num colors         :  0
		num triangles      :  1248
========= Writing of JSON file started =========
	writing mesh:  Sable
========= Writing of JSON file completed =========
========= end of processing =========
elapsed time:  0 min, 0.4486 secs
